七月 22, 2014 4:59:56 下午 org.enilu.socket.v3.server.Deamon run
信息: server listening...
七月 22, 2014 5:05:01 下午 org.enilu.socket.v3.server.Deamon run
信息: client connected
七月 22, 2014 5:05:01 下午 org.enilu.socket.v3.server.Deamon run
信息: server listening...
七月 22, 2014 5:06:11 下午 org.enilu.socket.v3.server.Deamon run
信息: client connected
七月 22, 2014 5:06:11 下午 org.enilu.socket.v3.server.Dealer read
警告: 客户端关闭了连接
七月 22, 2014 5:06:11 下午 org.enilu.socket.v3.server.Deamon run
信息: server listening...
七月 22, 2014 5:07:50 下午 org.enilu.socket.v3.server.Deamon run
信息: client connected
七月 22, 2014 5:07:50 下午 org.enilu.socket.v3.server.Deamon run
信息: server listening...
七月 22, 2014 5:08:36 下午 org.enilu.socket.v3.server.Deamon run
信息: client connected
七月 22, 2014 5:08:36 下午 org.enilu.socket.v3.server.Dealer read
警告: 客户端关闭了连接
七月 22, 2014 5:08:36 下午 org.enilu.socket.v3.server.Deamon run
信息: server listening...
七月 22, 2014 5:09:54 下午 org.enilu.socket.v3.server.Deamon run
信息: client connected
七月 22, 2014 5:09:54 下午 org.enilu.socket.v3.server.Deamon run
信息: server listening...
七月 22, 2014 5:13:50 下午 org.enilu.socket.v3.server.Deamon run
信息: client connected
七月 22, 2014 5:13:50 下午 org.enilu.socket.v3.server.Dealer read
警告: 客户端关闭了连接
七月 22, 2014 5:13:50 下午 org.enilu.socket.v3.server.Deamon run
信息: server listening...
